{
  "0 debug pnpm:scope": {
    "selected": 1
  },
  "1 debug pnpm:package-manifest": {
    "initial": {
      "name": "app-store",
      "private": true,
      "version": "1.0.0",
      "engines": {
        "node": "^10.13 || 12 || 14 || 15",
        "npm": ">=6"
      },
      "dependencies": {
        "@testing-library/jest-dom": "5.11.9",
        "@testing-library/react": "11.2.5",
        "@testing-library/user-event": "12.6.2",
        "chalk": "4.1.0",
        "react": "17.0.1",
        "react-dom": "17.0.1"
      },
      "devDependencies": {
        "eslint-config-airbnb": "18.2.1",
        "eslint-config-prettier": "8.1.0",
        "eslint-plugin-prettier": "3.3.1",
        "husky": "4.3.8",
        "lint-staged": "10.5.4",
        "npm-run-all": "4.1.5",
        "prettier": "2.2.1",
        "react-scripts": "4.0.3"
      },
      "scripts": {
        "start": "react-scripts start",
        "build": "react-scripts build",
        "test": "react-scripts test",
        "lint": "eslint .",
        "lint:fix": "eslint --fix src/",
        "format": "prettier --write \"./src\"",
        "run-all": "npm-run-all --parallel test lint:fix"
      },
      "lint-staged": {
        "*.js": [
          "npm run lint:fix"
        ],
        "*.{js, jsx, json, html, css}": [
          "npm run format"
        ]
      },
      "husky": {
        "hooks": {
          "pre-commit": "lint-staged"
        }
      },
      "jest": {
        "collectCoverageFrom": [
          "src/**/*.js"
        ]
      },
      "browserslist": {
        "development": [
          "last 2 chrome versions",
          "last 2 firefox versions",
          "last 2 edge versions"
        ],
        "production": [
          ">1%",
          "last 4 versions",
          "Firefox ESR",
          "not ie < 11"
        ]
      }
    },
    "prefix": "/home/workspace/reactjs/coding-practices/appStore"
  },
  "2 debug pnpm:context": {
    "currentLockfileExists": false,
    "storeDir": "/home/workspace/.pnpm-store/v3",
    "virtualStoreDir": "/home/workspace/reactjs/coding-practices/appStore/node_modules/.pnpm"
  },
  "3 debug pnpm:stage": {
    "prefix": "/home/workspace/reactjs/coding-practices/appStore",
    "stage": "resolution_started"
  },
  "4 debug pnpm:_dependency_resolved": {
    "resolution": "registry.npmjs.org/eslint-plugin-prettier/3.3.1",
    "wanted": {
      "dependentId": ".",
      "name": "eslint-plugin-prettier",
      "rawSpec": "3.3.1"
    }
  },
  "5 debug pnpm:progress": {
    "packageId": "registry.npmjs.org/eslint-plugin-prettier/3.3.1",
    "requester": "/home/workspace/reactjs/coding-practices/appStore",
    "status": "resolved"
  },
  "6 debug pnpm:_dependency_resolved": {
    "resolution": "registry.npmjs.org/npm-run-all/4.1.5",
    "wanted": {
      "dependentId": ".",
      "name": "npm-run-all",
      "rawSpec": "4.1.5"
    }
  },
  "7 debug pnpm:progress": {
    "packageId": "registry.npmjs.org/npm-run-all/4.1.5",
    "requester": "/home/workspace/reactjs/coding-practices/appStore",
    "status": "resolved"
  },
  "8 debug pnpm:_dependency_resolved": {
    "resolution": "registry.npmjs.org/lint-staged/10.5.4",
    "wanted": {
      "dependentId": ".",
      "name": "lint-staged",
      "rawSpec": "10.5.4"
    }
  },
  "9 debug pnpm:progress": {
    "packageId": "registry.npmjs.org/lint-staged/10.5.4",
    "requester": "/home/workspace/reactjs/coding-practices/appStore",
    "status": "resolved"
  },
  "10 debug pnpm:_dependency_resolved": {
    "resolution": "registry.npmjs.org/prettier/2.2.1",
    "wanted": {
      "dependentId": ".",
      "name": "prettier",
      "rawSpec": "2.2.1"
    }
  },
  "11 debug pnpm:progress": {
    "packageId": "registry.npmjs.org/prettier/2.2.1",
    "requester": "/home/workspace/reactjs/coding-practices/appStore",
    "status": "resolved"
  },
  "12 debug pnpm:_dependency_resolved": {
    "resolution": "registry.npmjs.org/eslint-config-prettier/8.1.0",
    "wanted": {
      "dependentId": ".",
      "name": "eslint-config-prettier",
      "rawSpec": "8.1.0"
    }
  },
  "13 debug pnpm:progress": {
    "packageId": "registry.npmjs.org/eslint-config-prettier/8.1.0",
    "requester": "/home/workspace/reactjs/coding-practices/appStore",
    "status": "resolved"
  },
  "14 debug pnpm:_dependency_resolved": {
    "resolution": "registry.npmjs.org/eslint-config-airbnb/18.2.1",
    "wanted": {
      "dependentId": ".",
      "name": "eslint-config-airbnb",
      "rawSpec": "18.2.1"
    }
  },
  "15 debug pnpm:progress": {
    "packageId": "registry.npmjs.org/eslint-config-airbnb/18.2.1",
    "requester": "/home/workspace/reactjs/coding-practices/appStore",
    "status": "resolved"
  },
  "16 debug pnpm:_dependency_resolved": {
    "resolution": "registry.npmjs.org/chalk/4.1.0",
    "wanted": {
      "dependentId": ".",
      "name": "chalk",
      "rawSpec": "4.1.0"
    }
  },
  "17 debug pnpm:progress": {
    "packageId": "registry.npmjs.org/chalk/4.1.0",
    "requester": "/home/workspace/reactjs/coding-practices/appStore",
    "status": "resolved"
  },
  "18 debug pnpm:_dependency_resolved": {
    "resolution": "registry.npmjs.org/@testing-library/jest-dom/5.11.9",
    "wanted": {
      "dependentId": ".",
      "name": "@testing-library/jest-dom",
      "rawSpec": "5.11.9"
    }
  },
  "19 debug pnpm:progress": {
    "packageId": "registry.npmjs.org/@testing-library/jest-dom/5.11.9",
    "requester": "/home/workspace/reactjs/coding-practices/appStore",
    "status": "resolved"
  },
  "20 debug pnpm:_dependency_resolved": {
    "resolution": "registry.npmjs.org/react-scripts/4.0.3",
    "wanted": {
      "dependentId": ".",
      "name": "react-scripts",
      "rawSpec": "4.0.3"
    }
  },
  "21 debug pnpm:progress": {
    "packageId": "registry.npmjs.org/react-scripts/4.0.3",
    "requester": "/home/workspace/reactjs/coding-practices/appStore",
    "status": "resolved"
  },
  "22 debug pnpm:_dependency_resolved": {
    "resolution": "registry.npmjs.org/@testing-library/react/11.2.5",
    "wanted": {
      "dependentId": ".",
      "name": "@testing-library/react",
      "rawSpec": "11.2.5"
    }
  },
  "23 debug pnpm:progress": {
    "packageId": "registry.npmjs.org/@testing-library/react/11.2.5",
    "requester": "/home/workspace/reactjs/coding-practices/appStore",
    "status": "resolved"
  },
  "24 debug pnpm:_dependency_resolved": {
    "resolution": "registry.npmjs.org/husky/4.3.8",
    "wanted": {
      "dependentId": ".",
      "name": "husky",
      "rawSpec": "4.3.8"
    }
  },
  "25 debug pnpm:progress": {
    "packageId": "registry.npmjs.org/husky/4.3.8",
    "requester": "/home/workspace/reactjs/coding-practices/appStore",
    "status": "resolved"
  },
  "26 debug pnpm:_dependency_resolved": {
    "resolution": "registry.npmjs.org/@testing-library/user-event/12.6.2",
    "wanted": {
      "dependentId": ".",
      "name": "@testing-library/user-event",
      "rawSpec": "12.6.2"
    }
  },
  "27 debug pnpm:progress": {
    "packageId": "registry.npmjs.org/@testing-library/user-event/12.6.2",
    "requester": "/home/workspace/reactjs/coding-practices/appStore",
    "status": "resolved"
  },
  "28 debug pnpm:_dependency_resolved": {
    "resolution": "registry.npmjs.org/react/17.0.1",
    "wanted": {
      "dependentId": ".",
      "name": "react",
      "rawSpec": "17.0.1"
    }
  },
  "29 debug pnpm:progress": {
    "packageId": "registry.npmjs.org/react/17.0.1",
    "requester": "/home/workspace/reactjs/coding-practices/appStore",
    "status": "resolved"
  },
  "30 debug pnpm:_dependency_resolved": {
    "resolution": "registry.npmjs.org/react-dom/17.0.1",
    "wanted": {
      "dependentId": ".",
      "name": "react-dom",
      "rawSpec": "17.0.1"
    }
  },
  "31 debug pnpm:progress": {
    "packageId": "registry.npmjs.org/react-dom/17.0.1",
    "requester": "/home/workspace/reactjs/coding-practices/appStore",
    "status": "resolved"
  },
  "32 debug pnpm:_dependency_resolved": {
    "resolution": "registry.npmjs.org/prettier-linter-helpers/1.0.0",
    "wanted": {
      "dependentId": "/eslint-plugin-prettier/3.3.1",
      "name": "prettier-linter-helpers",
      "rawSpec": "^1.0.0"
    }
  },
  "33 debug pnpm:progress": {
    "packageId": "registry.npmjs.org/prettier-linter-helpers/1.0.0",
    "requester": "/home/workspace/reactjs/coding-practices/appStore",
    "status": "resolved"
  },
  "34 debug pnpm:fetching-progress": {
    "attempt": 1,
    "packageId": "registry.npmjs.org/husky/4.3.8",
    "size": 15570,
    "status": "started"
  },
  "35 debug pnpm:fetching-progress": {
    "attempt": 1,
    "packageId": "registry.npmjs.org/chalk/4.1.0",
    "size": 11068,
    "status": "started"
  },
  "36 debug pnpm:fetching-progress": {
    "attempt": 1,
    "packageId": "registry.npmjs.org/eslint-plugin-prettier/3.3.1",
    "size": 15180,
    "status": "started"
  },
  "37 debug pnpm:fetching-progress": {
    "attempt": 1,
    "packageId": "registry.npmjs.org/npm-run-all/4.1.5",
    "size": 18646,
    "status": "started"
  },
  "38 debug pnpm:_dependency_resolved": {
    "resolution": "registry.npmjs.org/chalk/2.4.2",
    "wanted": {
      "dependentId": "/npm-run-all/4.1.5",
      "name": "chalk",
      "rawSpec": "^2.4.1"
    }
  },
  "39 debug pnpm:progress": {
    "packageId": "registry.npmjs.org/chalk/2.4.2",
    "requester": "/home/workspace/reactjs/coding-practices/appStore",
    "status": "resolved"
  },
  "40 debug pnpm:_dependency_resolved": {
    "resolution": "registry.npmjs.org/cross-spawn/6.0.5",
    "wanted": {
      "dependentId": "/npm-run-all/4.1.5",
      "name": "cross-spawn",
      "rawSpec": "^6.0.5"
    }
  },
  "41 debug pnpm:progress": {
    "packageId": "registry.npmjs.org/cross-spawn/6.0.5",
    "requester": "/home/workspace/reactjs/coding-practices/appStore",
    "status": "resolved"
  },
  "42 debug pnpm:fetching-progress": {
    "attempt": 1,
    "packageId": "registry.npmjs.org/react/17.0.1",
    "size": 76543,
    "status": "started"
  },
  "43 debug pnpm:progress": {
    "packageId": "registry.npmjs.org/chalk/4.1.0",
    "requester": "/home/workspace/reactjs/coding-practices/appStore",
    "status": "fetched"
  },
  "44 debug pnpm:progress": {
    "packageId": "registry.npmjs.org/eslint-plugin-prettier/3.3.1",
    "requester": "/home/workspace/reactjs/coding-practices/appStore",
    "status": "fetched"
  },
  "45 debug pnpm:progress": {
    "packageId": "registry.npmjs.org/husky/4.3.8",
    "requester": "/home/workspace/reactjs/coding-practices/appStore",
    "status": "fetched"
  },
  "46 debug pnpm:progress": {
    "packageId": "registry.npmjs.org/npm-run-all/4.1.5",
    "requester": "/home/workspace/reactjs/coding-practices/appStore",
    "status": "fetched"
  },
  "47 debug pnpm:fetching-progress": {
    "attempt": 1,
    "packageId": "registry.npmjs.org/react-dom/17.0.1",
    "size": 744980,
    "status": "started"
  },
  "48 debug pnpm:fetching-progress": {
    "attempt": 1,
    "packageId": "registry.npmjs.org/prettier-linter-helpers/1.0.0",
    "size": 4297,
    "status": "started"
  },
  "49 debug pnpm:fetching-progress": {
    "attempt": 1,
    "packageId": "registry.npmjs.org/cross-spawn/6.0.5",
    "size": 7494,
    "status": "started"
  },
  "50 debug pnpm:_dependency_resolved": {
    "resolution": "registry.npmjs.org/memorystream/0.3.1",
    "wanted": {
      "dependentId": "/npm-run-all/4.1.5",
      "name": "memorystream",
      "rawSpec": "^0.3.1"
    }
  },
  "51 debug pnpm:progress": {
    "packageId": "registry.npmjs.org/memorystream/0.3.1",
    "requester": "/home/workspace/reactjs/coding-practices/appStore",
    "status": "resolved"
  },
  "52 debug pnpm:_dependency_resolved": {
    "resolution": "registry.npmjs.org/pidtree/0.3.1",
    "wanted": {
      "dependentId": "/npm-run-all/4.1.5",
      "name": "pidtree",
      "rawSpec": "^0.3.0"
    }
  },
  "53 debug pnpm:progress": {
    "packageId": "registry.npmjs.org/pidtree/0.3.1",
    "requester": "/home/workspace/reactjs/coding-practices/appStore",
    "status": "resolved"
  },
  "54 debug pnpm:progress": {
    "packageId": "registry.npmjs.org/react/17.0.1",
    "requester": "/home/workspace/reactjs/coding-practices/appStore",
    "status": "fetched"
  },
  "55 debug pnpm:progress": {
    "packageId": "registry.npmjs.org/prettier-linter-helpers/1.0.0",
    "requester": "/home/workspace/reactjs/coding-practices/appStore",
    "status": "fetched"
  },
  "56 debug pnpm:progress": {
    "packageId": "registry.npmjs.org/cross-spawn/6.0.5",
    "requester": "/home/workspace/reactjs/coding-practices/appStore",
    "status": "fetched"
  },
  "57 debug pnpm:_dependency_resolved": {
    "resolution": "registry.npmjs.org/minimatch/3.1.2",
    "wanted": {
      "dependentId": "/npm-run-all/4.1.5",
      "name": "minimatch",
      "rawSpec": "^3.0.4"
    }
  },
  "58 debug pnpm:progress": {
    "packageId": "registry.npmjs.org/minimatch/3.1.2",
    "requester": "/home/workspace/reactjs/coding-practices/appStore",
    "status": "resolved"
  },
  "59 debug pnpm:_dependency_resolved": {
    "resolution": "registry.npmjs.org/chalk/4.1.0",
    "wanted": {
      "dependentId": "/lint-staged/10.5.4",
      "name": "chalk",
      "rawSpec": "^4.1.0"
    }
  },
  "60 debug pnpm:fetching-progress": {
    "attempt": 1,
    "packageId": "registry.npmjs.org/memorystream/0.3.1",
    "size": 5523,
    "status": "started"
  },
  "61 debug pnpm:fetching-progress": {
    "attempt": 1,
    "packageId": "registry.npmjs.org/lint-staged/10.5.4",
    "size": 25912,
    "status": "started"
  },
  "62 debug pnpm:_dependency_resolved": {
    "resolution": "registry.npmjs.org/read-pkg/3.0.0",
    "wanted": {
      "dependentId": "/npm-run-all/4.1.5",
      "name": "read-pkg",
      "rawSpec": "^3.0.0"
    }
  },
  "63 debug pnpm:progress": {
    "packageId": "registry.npmjs.org/read-pkg/3.0.0",
    "requester": "/home/workspace/reactjs/coding-practices/appStore",
    "status": "resolved"
  },
  "64 debug pnpm:fetching-progress": {
    "attempt": 1,
    "packageId": "registry.npmjs.org/eslint-config-prettier/8.1.0",
    "size": 5339,
    "status": "started"
  },
  "65 debug pnpm:fetching-progress": {
    "attempt": 1,
    "packageId": "registry.npmjs.org/pidtree/0.3.1",
    "size": 6680,
    "status": "started"
  },
  "66 debug pnpm:_dependency_resolved": {
    "resolution": "registry.npmjs.org/string.prototype.padend/3.1.4",
    "wanted": {
      "dependentId": "/npm-run-all/4.1.5",
      "name": "string.prototype.padend",
      "rawSpec": "^3.0.0"
    }
  },
  "67 debug pnpm:progress": {
    "packageId": "registry.npmjs.org/string.prototype.padend/3.1.4",
    "requester": "/home/workspace/reactjs/coding-practices/appStore",
    "status": "resolved"
  },
  "68 debug pnpm:fetching-progress": {
    "attempt": 1,
    "packageId": "registry.npmjs.org/prettier/2.2.1",
    "size": 4060459,
    "status": "started"
  },
  "69 debug pnpm:_dependency_resolved": {
    "resolution": "registry.npmjs.org/shell-quote/1.8.0",
    "wanted": {
      "dependentId": "/npm-run-all/4.1.5",
      "name": "shell-quote",
      "rawSpec": "^1.6.1"
    }
  },
  "70 debug pnpm:progress": {
    "packageId": "registry.npmjs.org/shell-quote/1.8.0",
    "requester": "/home/workspace/reactjs/coding-practices/appStore",
    "status": "resolved"
  },
  "71 debug pnpm:progress": {
    "packageId": "registry.npmjs.org/memorystream/0.3.1",
    "requester": "/home/workspace/reactjs/coding-practices/appStore",
    "status": "fetched"
  },
  "72 debug pnpm:progress": {
    "packageId": "registry.npmjs.org/eslint-config-prettier/8.1.0",
    "requester": "/home/workspace/reactjs/coding-practices/appStore",
    "status": "fetched"
  },
  "73 debug pnpm:progress": {
    "packageId": "registry.npmjs.org/pidtree/0.3.1",
    "requester": "/home/workspace/reactjs/coding-practices/appStore",
    "status": "fetched"
  },
  "74 debug pnpm:progress": {
    "packageId": "registry.npmjs.org/lint-staged/10.5.4",
    "requester": "/home/workspace/reactjs/coding-practices/appStore",
    "status": "fetched"
  },
  "75 debug pnpm:fetching-progress": {
    "attempt": 1,
    "packageId": "registry.npmjs.org/react-scripts/4.0.3",
    "size": 36047,
    "status": "started"
  },
  "76 debug pnpm:fetching-progress": {
    "attempt": 1,
    "packageId": "registry.npmjs.org/eslint-config-airbnb/18.2.1",
    "size": 18768,
    "status": "started"
  },
  "77 debug pnpm:_dependency_resolved": {
    "resolution": "registry.npmjs.org/ansi-styles/3.2.1",
    "wanted": {
      "dependentId": "/npm-run-all/4.1.5",
      "name": "ansi-styles",
      "rawSpec": "^3.2.1"
    }
  },
  "78 debug pnpm:progress": {
    "packageId": "registry.npmjs.org/ansi-styles/3.2.1",
    "requester": "/home/workspace/reactjs/coding-practices/appStore",
    "status": "resolved"
  },
  "79 debug pnpm:_dependency_resolved": {
    "resolution": "registry.npmjs.org/cli-truncate/2.1.0",
    "wanted": {
      "dependentId": "/lint-staged/10.5.4",
      "name": "cli-truncate",
      "rawSpec": "^2.1.0"
    }
  },
  "80 debug pnpm:progress": {
    "packageId": "registry.npmjs.org/cli-truncate/2.1.0",
    "requester": "/home/workspace/reactjs/coding-practices/appStore",
    "status": "resolved"
  },
  "81 debug pnpm:fetching-progress": {
    "attempt": 1,
    "packageId": "registry.npmjs.org/@testing-library/react/11.2.5",
    "size": 1127207,
    "status": "started"
  },
  "82 debug pnpm:fetching-progress": {
    "attempt": 1,
    "packageId": "registry.npmjs.org/@testing-library/jest-dom/5.11.9",
    "size": 23991,
    "status": "started"
  },
  "83 debug pnpm:progress": {
    "packageId": "registry.npmjs.org/eslint-config-airbnb/18.2.1",
    "requester": "/home/workspace/reactjs/coding-practices/appStore",
    "status": "fetched"
  },
  "84 debug pnpm:fetching-progress": {
    "attempt": 1,
    "packageId": "registry.npmjs.org/minimatch/3.1.2",
    "size": 11940,
    "status": "started"
  },
  "85 debug pnpm:fetching-progress": {
    "attempt": 1,
    "packageId": "registry.npmjs.org/read-pkg/3.0.0",
    "size": 2040,
    "status": "started"
  },
  "86 debug pnpm:fetching-progress": {
    "attempt": 1,
    "packageId": "registry.npmjs.org/string.prototype.padend/3.1.4",
    "size": 6150,
    "status": "started"
  },
  "87 debug pnpm:fetching-progress": {
    "attempt": 1,
    "packageId": "registry.npmjs.org/shell-quote/1.8.0",
    "size": 14727,
    "status": "started"
  },
  "88 debug pnpm:progress": {
    "packageId": "registry.npmjs.org/react-scripts/4.0.3",
    "requester": "/home/workspace/reactjs/coding-practices/appStore",
    "status": "fetched"
  },
  "89 debug pnpm:progress": {
    "packageId": "registry.npmjs.org/read-pkg/3.0.0",
    "requester": "/home/workspace/reactjs/coding-practices/appStore",
    "status": "fetched"
  },
  "90 debug pnpm:progress": {
    "packageId": "registry.npmjs.org/string.prototype.padend/3.1.4",
    "requester": "/home/workspace/reactjs/coding-practices/appStore",
    "status": "fetched"
  },
  "91 debug pnpm:progress": {
    "packageId": "registry.npmjs.org/minimatch/3.1.2",
    "requester": "/home/workspace/reactjs/coding-practices/appStore",
    "status": "fetched"
  },
  "92 debug pnpm:progress": {
    "packageId": "registry.npmjs.org/shell-quote/1.8.0",
    "requester": "/home/workspace/reactjs/coding-practices/appStore",
    "status": "fetched"
  },
  "93 debug pnpm:progress": {
    "packageId": "registry.npmjs.org/@testing-library/jest-dom/5.11.9",
    "requester": "/home/workspace/reactjs/coding-practices/appStore",
    "status": "fetched"
  },
  "94 debug pnpm:fetching-progress": {
    "attempt": 1,
    "packageId": "registry.npmjs.org/ansi-styles/3.2.1",
    "size": 3808,
    "status": "started"
  },
  "95 debug pnpm:progress": {
    "packageId": "registry.npmjs.org/ansi-styles/3.2.1",
    "requester": "/home/workspace/reactjs/coding-practices/appStore",
    "status": "fetched"
  },
  "96 debug pnpm:_dependency_resolved": {
    "resolution": "registry.npmjs.org/dedent/0.7.0",
    "wanted": {
      "dependentId": "/lint-staged/10.5.4",
      "name": "dedent",
      "rawSpec": "^0.7.0"
    }
  },
  "97 debug pnpm:progress": {
    "packageId": "registry.npmjs.org/dedent/0.7.0",
    "requester": "/home/workspace/reactjs/coding-practices/appStore",
    "status": "resolved"
  },
  "98 debug pnpm:_dependency_resolved": {
    "resolution": "registry.npmjs.org/string-argv/0.3.1",
    "wanted": {
      "dependentId": "/lint-staged/10.5.4",
      "name": "string-argv",
      "rawSpec": "0.3.1"
    }
  },
  "99 debug pnpm:progress": {
    "packageId": "registry.npmjs.org/string-argv/0.3.1",
    "requester": "/home/workspace/reactjs/coding-practices/appStore",
    "status": "resolved"
  },
  "100 debug pnpm:fetching-progress": {
    "attempt": 1,
    "packageId": "registry.npmjs.org/cli-truncate/2.1.0",
    "size": 3513,
    "status": "started"
  },
  "101 debug pnpm:progress": {
    "packageId": "registry.npmjs.org/cli-truncate/2.1.0",
    "requester": "/home/workspace/reactjs/coding-practices/appStore",
    "status": "fetched"
  },
  "102 debug pnpm:progress": {
    "packageId": "registry.npmjs.org/react-dom/17.0.1",
    "requester": "/home/workspace/reactjs/coding-practices/appStore",
    "status": "fetched"
  },
  "103 debug pnpm:_dependency_resolved": {
    "resolution": "registry.npmjs.org/log-symbols/4.1.0",
    "wanted": {
      "dependentId": "/lint-staged/10.5.4",
      "name": "log-symbols",
      "rawSpec": "^4.0.0"
    }
  },
  "104 debug pnpm:progress": {
    "packageId": "registry.npmjs.org/log-symbols/4.1.0",
    "requester": "/home/workspace/reactjs/coding-practices/appStore",
    "status": "resolved"
  },
  "105 debug pnpm:_dependency_resolved": {
    "resolution": "registry.npmjs.org/cosmiconfig/7.1.0",
    "wanted": {
      "dependentId": "/lint-staged/10.5.4",
      "name": "cosmiconfig",
      "rawSpec": "^7.0.0"
    }
  },
  "106 debug pnpm:progress": {
    "packageId": "registry.npmjs.org/cosmiconfig/7.1.0",
    "requester": "/home/workspace/reactjs/coding-practices/appStore",
    "status": "resolved"
  },
  "107 debug pnpm:_dependency_resolved": {
    "resolution": "registry.npmjs.org/normalize-path/3.0.0",
    "wanted": {
      "dependentId": "/lint-staged/10.5.4",
      "name": "normalize-path",
      "rawSpec": "^3.0.0"
    }
  },
  "108 debug pnpm:progress": {
    "packageId": "registry.npmjs.org/normalize-path/3.0.0",
    "requester": "/home/workspace/reactjs/coding-practices/appStore",
    "status": "resolved"
  },
  "109 debug pnpm:_dependency_resolved": {
    "resolution": "registry.npmjs.org/please-upgrade-node/3.2.0",
    "wanted": {
      "dependentId": "/lint-staged/10.5.4",
      "name": "please-upgrade-node",
      "rawSpec": "^3.2.0"
    }
  },
  "110 debug pnpm:progress": {
    "packageId": "registry.npmjs.org/please-upgrade-node/3.2.0",
    "requester": "/home/workspace/reactjs/coding-practices/appStore",
    "status": "resolved"
  },
  "111 debug pnpm:_dependency_resolved": {
    "resolution": "registry.npmjs.org/commander/6.2.1",
    "wanted": {
      "dependentId": "/lint-staged/10.5.4",
      "name": "commander",
      "rawSpec": "^6.2.0"
    }
  },
  "112 debug pnpm:progress": {
    "packageId": "registry.npmjs.org/commander/6.2.1",
    "requester": "/home/workspace/reactjs/coding-practices/appStore",
    "status": "resolved"
  },
  "113 debug pnpm:_dependency_resolved": {
    "resolution": "registry.npmjs.org/debug/4.3.4",
    "wanted": {
      "dependentId": "/lint-staged/10.5.4",
      "name": "debug",
      "rawSpec": "^4.2.0"
    }
  },
  "114 debug pnpm:progress": {
    "packageId": "registry.npmjs.org/debug/4.3.4",
    "requester": "/home/workspace/reactjs/coding-practices/appStore",
    "status": "resolved"
  },
  "115 debug pnpm:_dependency_resolved": {
    "resolution": "registry.npmjs.org/execa/4.1.0",
    "wanted": {
      "dependentId": "/lint-staged/10.5.4",
      "name": "execa",
      "rawSpec": "^4.1.0"
    }
  },
  "116 debug pnpm:progress": {
    "packageId": "registry.npmjs.org/execa/4.1.0",
    "requester": "/home/workspace/reactjs/coding-practices/appStore",
    "status": "resolved"
  },
  "117 debug pnpm:fetching-progress": {
    "attempt": 1,
    "packageId": "registry.npmjs.org/dedent/0.7.0",
    "size": 2282,
    "status": "started"
  },
  "118 debug pnpm:progress": {
    "packageId": "registry.npmjs.org/dedent/0.7.0",
    "requester": "/home/workspace/reactjs/coding-practices/appStore",
    "status": "fetched"
  },
  "119 debug pnpm:_dependency_resolved": {
    "resolution": "registry.npmjs.org/stringify-object/3.3.0",
    "wanted": {
      "dependentId": "/lint-staged/10.5.4",
      "name": "stringify-object",
      "rawSpec": "^3.3.0"
    }
  },
  "120 debug pnpm:progress": {
    "packageId": "registry.npmjs.org/stringify-object/3.3.0",
    "requester": "/home/workspace/reactjs/coding-practices/appStore",
    "status": "resolved"
  },
  "121 debug pnpm:fetching-progress": {
    "attempt": 1,
    "packageId": "registry.npmjs.org/string-argv/0.3.1",
    "size": 2831,
    "status": "started"
  },
  "122 debug pnpm:_dependency_resolved": {
    "resolution": "registry.npmjs.org/enquirer/2.3.6",
    "wanted": {
      "dependentId": "/lint-staged/10.5.4",
      "name": "enquirer",
      "rawSpec": "^2.3.6"
    }
  },
  "123 debug pnpm:progress": {
    "packageId": "registry.npmjs.org/enquirer/2.3.6",
    "requester": "/home/workspace/reactjs/coding-practices/appStore",
    "status": "resolved"
  },
  "124 debug pnpm:progress": {
    "packageId": "registry.npmjs.org/string-argv/0.3.1",
    "requester": "/home/workspace/reactjs/coding-practices/appStore",
    "status": "fetched"
  },
  "125 debug pnpm:_dependency_resolved": {
    "resolution": "registry.npmjs.org/micromatch/4.0.5",
    "wanted": {
      "dependentId": "/lint-staged/10.5.4",
      "name": "micromatch",
      "rawSpec": "^4.0.2"
    }
  },
  "126 debug pnpm:progress": {
    "packageId": "registry.npmjs.org/micromatch/4.0.5",
    "requester": "/home/workspace/reactjs/coding-practices/appStore",
    "status": "resolved"
  },
  "127 debug pnpm:_dependency_resolved": {
    "resolution": "registry.npmjs.org/ansi-styles/4.3.0",
    "wanted": {
      "dependentId": "/chalk/4.1.0",
      "name": "ansi-styles",
      "rawSpec": "^4.1.0"
    }
  },
  "128 debug pnpm:progress": {
    "packageId": "registry.npmjs.org/ansi-styles/4.3.0",
    "requester": "/home/workspace/reactjs/coding-practices/appStore",
    "status": "resolved"
  },
  "129 debug pnpm:_dependency_resolved": {
    "resolution": "registry.npmjs.org/eslint-config-airbnb-base/14.2.1",
    "wanted": {
      "dependentId": "/eslint-config-airbnb/18.2.1",
      "name": "eslint-config-airbnb-base",
      "rawSpec": "^14.2.1"
    }
  },
  "130 debug pnpm:progress": {
    "packageId": "registry.npmjs.org/eslint-config-airbnb-base/14.2.1",
    "requester": "/home/workspace/reactjs/coding-practices/appStore",
    "status": "resolved"
  },
  "131 debug pnpm:fetching-progress": {
    "attempt": 1,
    "packageId": "registry.npmjs.org/please-upgrade-node/3.2.0",
    "size": 2800,
    "status": "started"
  },
  "132 debug pnpm:progress": {
    "packageId": "registry.npmjs.org/please-upgrade-node/3.2.0",
    "requester": "/home/workspace/reactjs/coding-practices/appStore",
    "status": "fetched"
  },
  "133 debug pnpm:fetching-progress": {
    "attempt": 1,
    "packageId": "registry.npmjs.org/normalize-path/3.0.0",
    "size": 3566,
    "status": "started"
  },
  "134 debug pnpm:progress": {
    "packageId": "registry.npmjs.org/normalize-path/3.0.0",
    "requester": "/home/workspace/reactjs/coding-practices/appStore",
    "status": "fetched"
  },
  "135 debug pnpm:fetching-progress": {
    "attempt": 1,
    "packageId": "registry.npmjs.org/log-symbols/4.1.0",
    "size": 2263,
    "status": "started"
  },
  "136 debug pnpm:_dependency_resolved": {
    "resolution": "registry.npmjs.org/object.entries/1.1.6",
    "wanted": {
      "dependentId": "/eslint-config-airbnb/18.2.1",
      "name": "object.entries",
      "rawSpec": "^1.1.2"
    }
  },
  "137 debug pnpm:progress": {
    "packageId": "registry.npmjs.org/object.entries/1.1.6",
    "requester": "/home/workspace/reactjs/coding-practices/appStore",
    "status": "resolved"
  },
  "138 debug pnpm:fetching-progress": {
    "attempt": 1,
    "packageId": "registry.npmjs.org/execa/4.1.0",
    "size": 14352,
    "status": "started"
  },
  "139 debug pnpm:fetching-progress": {
    "attempt": 1,
    "packageId": "registry.npmjs.org/cosmiconfig/7.1.0",
    "size": 24304,
    "status": "started"
  },
  "140 debug pnpm:progress": {
    "packageId": "registry.npmjs.org/log-symbols/4.1.0",
    "requester": "/home/workspace/reactjs/coding-practices/appStore",
    "status": "fetched"
  },
  "141 debug pnpm:fetching-progress": {
    "attempt": 1,
    "packageId": "registry.npmjs.org/micromatch/4.0.5",
    "size": 14433,
    "status": "started"
  },
  "142 debug pnpm:fetching-progress": {
    "attempt": 1,
    "packageId": "registry.npmjs.org/debug/4.3.4",
    "size": 13252,
    "status": "started"
  },
  "143 debug pnpm:_dependency_resolved": {
    "resolution": "registry.npmjs.org/supports-color/7.2.0",
    "wanted": {
      "dependentId": "/chalk/4.1.0",
      "name": "supports-color",
      "rawSpec": "^7.1.0"
    }
  },
  "144 debug pnpm:progress": {
    "packageId": "registry.npmjs.org/supports-color/7.2.0",
    "requester": "/home/workspace/reactjs/coding-practices/appStore",
    "status": "resolved"
  },
  "145 debug pnpm:_dependency_resolved": {
    "resolution": "registry.npmjs.org/object.assign/4.1.4",
    "wanted": {
      "dependentId": "/eslint-config-airbnb/18.2.1",
      "name": "object.assign",
      "rawSpec": "^4.1.2"
    }
  },
  "146 debug pnpm:progress": {
    "packageId": "registry.npmjs.org/object.assign/4.1.4",
    "requester": "/home/workspace/reactjs/coding-practices/appStore",
    "status": "resolved"
  },
  "147 debug pnpm:_dependency_resolved": {
    "resolution": "registry.npmjs.org/chalk/3.0.0",
    "wanted": {
      "dependentId": "/@testing-library/jest-dom/5.11.9",
      "name": "chalk",
      "rawSpec": "^3.0.0"
    }
  },
  "148 debug pnpm:progress": {
    "packageId": "registry.npmjs.org/chalk/3.0.0",
    "requester": "/home/workspace/reactjs/coding-practices/appStore",
    "status": "resolved"
  },
  "149 debug pnpm:fetching-progress": {
    "attempt": 1,
    "packageId": "registry.npmjs.org/enquirer/2.3.6",
    "size": 47843,
    "status": "started"
  },
  "150 debug pnpm:fetching-progress": {
    "attempt": 1,
    "packageId": "registry.npmjs.org/stringify-object/3.3.0",
    "size": 3351,
    "status": "started"
  },
  "151 debug pnpm:progress": {
    "packageId": "registry.npmjs.org/execa/4.1.0",
    "requester": "/home/workspace/reactjs/coding-practices/appStore",
    "status": "fetched"
  },
  "152 debug pnpm:fetching-progress": {
    "attempt": 1,
    "packageId": "registry.npmjs.org/ansi-styles/4.3.0",
    "size": 5849,
    "status": "started"
  },
  "153 debug pnpm:progress": {
    "packageId": "registry.npmjs.org/micromatch/4.0.5",
    "requester": "/home/workspace/reactjs/coding-practices/appStore",
    "status": "fetched"
  },
  "154 debug pnpm:fetching-progress": {
    "attempt": 1,
    "packageId": "registry.npmjs.org/eslint-config-airbnb-base/14.2.1",
    "size": 22837,
    "status": "started"
  },
  "155 debug pnpm:progress": {
    "packageId": "registry.npmjs.org/stringify-object/3.3.0",
    "requester": "/home/workspace/reactjs/coding-practices/appStore",
    "status": "fetched"
  },
  "156 debug pnpm:fetching-progress": {
    "attempt": 1,
    "packageId": "registry.npmjs.org/object.entries/1.1.6",
    "size": 10274,
    "status": "started"
  },
  "157 debug pnpm:progress": {
    "packageId": "registry.npmjs.org/debug/4.3.4",
    "requester": "/home/workspace/reactjs/coding-practices/appStore",
    "status": "fetched"
  },
  "158 debug pnpm:_dependency_resolved": {
    "resolution": "registry.npmjs.org/listr2/3.14.0",
    "wanted": {
      "dependentId": "/lint-staged/10.5.4",
      "name": "listr2",
      "rawSpec": "^3.2.2"
    }
  },
  "159 debug pnpm:progress": {
    "packageId": "registry.npmjs.org/listr2/3.14.0",
    "requester": "/home/workspace/reactjs/coding-practices/appStore",
    "status": "resolved"
  },
  "160 debug pnpm:progress": {
    "packageId": "registry.npmjs.org/ansi-styles/4.3.0",
    "requester": "/home/workspace/reactjs/coding-practices/appStore",
    "status": "fetched"
  },
  "161 debug pnpm:progress": {
    "packageId": "registry.npmjs.org/cosmiconfig/7.1.0",
    "requester": "/home/workspace/reactjs/coding-practices/appStore",
    "status": "fetched"
  },
  "162 debug pnpm:progress": {
    "packageId": "registry.npmjs.org/eslint-config-airbnb-base/14.2.1",
    "requester": "/home/workspace/reactjs/coding-practices/appStore",
    "status": "fetched"
  },
  "163 debug pnpm:progress": {
    "packageId": "registry.npmjs.org/object.entries/1.1.6",
    "requester": "/home/workspace/reactjs/coding-practices/appStore",
    "status": "fetched"
  },
  "164 debug pnpm:_dependency_resolved": {
    "resolution": "registry.npmjs.org/aria-query/4.2.2",
    "wanted": {
      "dependentId": "/@testing-library/jest-dom/5.11.9",
      "name": "aria-query",
      "rawSpec": "^4.2.2"
    }
  },
  "165 debug pnpm:progress": {
    "packageId": "registry.npmjs.org/aria-query/4.2.2",
    "requester": "/home/workspace/reactjs/coding-practices/appStore",
    "status": "resolved"
  },
  "166 debug pnpm:fetching-progress": {
    "attempt": 1,
    "packageId": "registry.npmjs.org/@testing-library/user-event/12.6.2",
    "size": 23040,
    "status": "started"
  },
  "167 debug pnpm:_dependency_resolved": {
    "resolution": "registry.npmjs.org/@babel/core/7.12.3",
    "wanted": {
      "dependentId": "/react-scripts/4.0.3",
      "name": "@babel/core",
      "rawSpec": "7.12.3"
    }
  },
  "168 debug pnpm:progress": {
    "packageId": "registry.npmjs.org/@babel/core/7.12.3",
    "requester": "/home/workspace/reactjs/coding-practices/appStore",
    "status": "resolved"
  },
  "169 debug pnpm:_dependency_resolved": {
    "resolution": "registry.npmjs.org/@types/testing-library__jest-dom/5.14.5",
    "wanted": {
      "dependentId": "/@testing-library/jest-dom/5.11.9",
      "name": "@types/testing-library__jest-dom",
      "rawSpec": "^5.9.1"
    }
  },
  "170 debug pnpm:progress": {
    "packageId": "registry.npmjs.org/@types/testing-library__jest-dom/5.14.5",
    "requester": "/home/workspace/reactjs/coding-practices/appStore",
    "status": "resolved"
  },
  "171 debug pnpm:_dependency_resolved": {
    "resolution": "registry.npmjs.org/@pmmmwh/react-refresh-webpack-plugin/0.4.3",
    "wanted": {
      "dependentId": "/react-scripts/4.0.3",
      "name": "@pmmmwh/react-refresh-webpack-plugin",
      "rawSpec": "0.4.3"
    }
  },
  "172 debug pnpm:progress": {
    "packageId": "registry.npmjs.org/@pmmmwh/react-refresh-webpack-plugin/0.4.3",
    "requester": "/home/workspace/reactjs/coding-practices/appStore",
    "status": "resolved"
  },
  "173 debug pnpm:progress": {
    "packageId": "registry.npmjs.org/enquirer/2.3.6",
    "requester": "/home/workspace/reactjs/coding-practices/appStore",
    "status": "fetched"
  },
  "174 debug pnpm:_dependency_resolved": {
    "resolution": "registry.npmjs.org/@svgr/webpack/5.5.0",
    "wanted": {
      "dependentId": "/react-scripts/4.0.3",
      "name": "@svgr/webpack",
      "rawSpec": "5.5.0"
    }
  },
  "175 debug pnpm:progress": {
    "packageId": "registry.npmjs.org/@svgr/webpack/5.5.0",
    "requester": "/home/workspace/reactjs/coding-practices/appStore",
    "status": "resolved"
  },
  "176 debug pnpm:progress": {
    "packageId": "registry.npmjs.org/@testing-library/user-event/12.6.2",
    "requester": "/home/workspace/reactjs/coding-practices/appStore",
    "status": "fetched"
  },
  "177 debug pnpm:_dependency_resolved": {
    "resolution": "registry.npmjs.org/css.escape/1.5.1",
    "wanted": {
      "dependentId": "/@testing-library/jest-dom/5.11.9",
      "name": "css.escape",
      "rawSpec": "^1.5.1"
    }
  },
  "178 debug pnpm:progress": {
    "packageId": "registry.npmjs.org/css.escape/1.5.1",
    "requester": "/home/workspace/reactjs/coding-practices/appStore",
    "status": "resolved"
  },
  "179 debug pnpm:_dependency_resolved": {
    "resolution": "registry.npmjs.org/css/3.0.0",
    "wanted": {
      "dependentId": "/@testing-library/jest-dom/5.11.9",
      "name": "css",
      "rawSpec": "^3.0.0"
    }
  },
  "180 debug pnpm:progress": {
    "packageId": "registry.npmjs.org/css/3.0.0",
    "requester": "/home/workspace/reactjs/coding-practices/appStore",
    "status": "resolved"
  },
  "181 debug pnpm:fetching-progress": {
    "attempt": 1,
    "packageId": "registry.npmjs.org/supports-color/7.2.0",
    "size": 3210,
    "status": "started"
  },
  "182 debug pnpm:progress": {
    "packageId": "registry.npmjs.org/supports-color/7.2.0",
    "requester": "/home/workspace/reactjs/coding-practices/appStore",
    "status": "fetched"
  },
  "183 debug pnpm:fetching-progress": {
    "attempt": 1,
    "packageId": "registry.npmjs.org/object.assign/4.1.4",
    "size": 282323,
    "status": "started"
  },
  "184 debug pnpm:fetching-progress": {
    "attempt": 1,
    "packageId": "registry.npmjs.org/chalk/3.0.0",
    "size": 10923,
    "status": "started"
  },
  "185 debug pnpm:progress": {
    "packageId": "registry.npmjs.org/chalk/3.0.0",
    "requester": "/home/workspace/reactjs/coding-practices/appStore",
    "status": "fetched"
  },
  "186 debug pnpm:fetching-progress": {
    "attempt": 1,
    "packageId": "registry.npmjs.org/listr2/3.14.0",
    "size": 40976,
    "status": "started"
  },
  "187 debug pnpm:_dependency_resolved": {
    "resolution": "registry.npmjs.org/redent/3.0.0",
    "wanted": {
      "dependentId": "/@testing-library/jest-dom/5.11.9",
      "name": "redent",
      "rawSpec": "^3.0.0"
    }
  },
  "188 debug pnpm:progress": {
    "packageId": "registry.npmjs.org/redent/3.0.0",
    "requester": "/home/workspace/reactjs/coding-practices/appStore",
    "status": "resolved"
  },
  "189 debug pnpm:fetching-progress": {
    "attempt": 1,
    "packageId": "registry.npmjs.org/aria-query/4.2.2",
    "size": 23429,
    "status": "started"
  },
  "190 debug pnpm:fetching-progress": {
    "attempt": 1,
    "packageId": "registry.npmjs.org/@babel/core/7.12.3",
    "size": 37352,
    "status": "started"
  },
  "191 debug pnpm:fetching-progress": {
    "attempt": 1,
    "packageId": "registry.npmjs.org/@types/testing-library__jest-dom/5.14.5",
    "size": 7336,
    "status": "started"
  },
  "192 debug pnpm:progress": {
    "packageId": "registry.npmjs.org/listr2/3.14.0",
    "requester": "/home/workspace/reactjs/coding-practices/appStore",
    "status": "fetched"
  },
  "193 debug pnpm:fetching-progress": {
    "attempt": 1,
    "packageId": "registry.npmjs.org/@svgr/webpack/5.5.0",
    "size": 4520,
    "status": "started"
  },
  "194 debug pnpm:fetching-progress": {
    "attempt": 1,
    "packageId": "registry.npmjs.org/css.escape/1.5.1",
    "size": 2955,
    "status": "started"
  },
  "195 debug pnpm:fetching-progress": {
    "attempt": 1,
    "packageId": "registry.npmjs.org/css/3.0.0",
    "size": 9437,
    "status": "started"
  },
  "196 warn pnpm:install-check": {
    "message": "Unsupported platform for registry.npmjs.org/fsevents/2.3.2: wanted {\"cpu\":[\"any\"],\"os\":[\"darwin\"]} (current: {\"os\":\"linux\",\"cpu\":\"x64\"})",
    "prefix": "/home/workspace/reactjs/coding-practices/appStore"
  },
  "197 debug pnpm:skipped-optional-dependency": {
    "details": "Error: Unsupported platform for registry.npmjs.org/fsevents/2.3.2: wanted {\"cpu\":[\"any\"],\"os\":[\"darwin\"]} (current: {\"os\":\"linux\",\"cpu\":\"x64\"})",
    "package": {
      "id": "registry.npmjs.org/fsevents/2.3.2",
      "name": "fsevents",
      "version": "2.3.2"
    },
    "prefix": "/home/workspace/reactjs/coding-practices/appStore",
    "reason": "unsupported_platform"
  },
  "198 debug pnpm:_dependency_resolved": {
    "resolution": "registry.npmjs.org/fsevents/2.3.2",
    "wanted": {
      "dependentId": "/react-scripts/4.0.3",
      "name": "fsevents",
      "rawSpec": "^2.1.3"
    }
  },
  "199 debug pnpm:progress": {
    "packageId": "registry.npmjs.org/fsevents/2.3.2",
    "requester": "/home/workspace/reactjs/coding-practices/appStore",
    "status": "resolved"
  },
  "200 debug pnpm:_dependency_resolved": {
    "resolution": "registry.npmjs.org/@babel/runtime/7.20.13",
    "wanted": {
      "dependentId": "/@testing-library/jest-dom/5.11.9",
      "name": "@babel/runtime",
      "rawSpec": "^7.9.2"
    }
  },
  "201 debug pnpm:progress": {
    "packageId": "registry.npmjs.org/@babel/runtime/7.20.13",
    "requester": "/home/workspace/reactjs/coding-practices/appStore",
    "status": "resolved"
  },
  "202 debug pnpm:fetching-progress": {
    "attempt": 1,
    "packageId": "registry.npmjs.org/redent/3.0.0",
    "size": 1814,
    "status": "started"
  },
  "203 debug pnpm:_dependency_resolved": {
    "resolution": "registry.npmjs.org/babel-loader/8.1.0",
    "wanted": {
      "dependentId": "/react-scripts/4.0.3",
      "name": "babel-loader",
      "rawSpec": "8.1.0"
    }
  },
  "204 debug pnpm:progress": {
    "packageId": "registry.npmjs.org/babel-loader/8.1.0",
    "requester": "/home/workspace/reactjs/coding-practices/appStore",
    "status": "resolved"
  },
  "205 debug pnpm:_dependency_resolved": {
    "resolution": "registry.npmjs.org/case-sensitive-paths-webpack-plugin/2.3.0",
    "wanted": {
      "dependentId": "/react-scripts/4.0.3",
      "name": "case-sensitive-paths-webpack-plugin",
      "rawSpec": "2.3.0"
    }
  },
  "206 debug pnpm:progress": {
    "packageId": "registry.npmjs.org/case-sensitive-paths-webpack-plugin/2.3.0",
    "requester": "/home/workspace/reactjs/coding-practices/appStore",
    "status": "resolved"
  },
  "207 debug pnpm:_dependency_resolved": {
    "resolution": "registry.npmjs.org/babel-eslint/10.1.0",
    "wanted": {
      "dependentId": "/react-scripts/4.0.3",
      "name": "babel-eslint",
      "rawSpec": "^10.1.0"
    }
  },
  "208 debug pnpm:deprecation": {
    "deprecated": "babel-eslint is now @babel/eslint-parser. This package will no longer receive updates.",
    "depth": 1,
    "pkgId": "registry.npmjs.org/babel-eslint/10.1.0",
    "pkgName": "babel-eslint",
    "pkgVersion": "10.1.0",
    "prefix": "/home/workspace/reactjs/coding-practices/appStore"
  },
  "209 debug pnpm:progress": {
    "packageId": "registry.npmjs.org/babel-eslint/10.1.0",
    "requester": "/home/workspace/reactjs/coding-practices/appStore",
    "status": "resolved"
  },
  "210 debug pnpm:progress": {
    "packageId": "registry.npmjs.org/@svgr/webpack/5.5.0",
    "requester": "/home/workspace/reactjs/coding-practices/appStore",
    "status": "fetched"
  },
  "211 debug pnpm:_dependency_resolved": {
    "resolution": "registry.npmjs.org/lodash/4.17.21",
    "wanted": {
      "dependentId": "/@testing-library/jest-dom/5.11.9",
      "name": "lodash",
      "rawSpec": "^4.17.15"
    }
  },
  "212 debug pnpm:progress": {
    "packageId": "registry.npmjs.org/lodash/4.17.21",
    "requester": "/home/workspace/reactjs/coding-practices/appStore",
    "status": "resolved"
  },
  "213 debug pnpm:progress": {
    "packageId": "registry.npmjs.org/css.escape/1.5.1",
    "requester": "/home/workspace/reactjs/coding-practices/appStore",
    "status": "fetched"
  },
  "214 debug pnpm:_dependency_resolved": {
    "resolution": "registry.npmjs.org/dotenv/8.2.0",
    "wanted": {
      "dependentId": "/react-scripts/4.0.3",
      "name": "dotenv",
      "rawSpec": "8.2.0"
    }
  },
  "215 debug pnpm:progress": {
    "packageId": "registry.npmjs.org/dotenv/8.2.0",
    "requester": "/home/workspace/reactjs/coding-practices/appStore",
    "status": "resolved"
  },
  "216 debug pnpm:_dependency_resolved": {
    "resolution": "registry.npmjs.org/css-loader/4.3.0",
    "wanted": {
      "dependentId": "/react-scripts/4.0.3",
      "name": "css-loader",
      "rawSpec": "4.3.0"
    }
  },
  "217 debug pnpm:progress": {
    "packageId": "registry.npmjs.org/css-loader/4.3.0",
    "requester": "/home/workspace/reactjs/coding-practices/appStore",
    "status": "resolved"
  },
  "218 debug pnpm:progress": {
    "packageId": "registry.npmjs.org/aria-query/4.2.2",
    "requester": "/home/workspace/reactjs/coding-practices/appStore",
    "status": "fetched"
  },
  "219 debug pnpm:progress": {
    "packageId": "registry.npmjs.org/@types/testing-library__jest-dom/5.14.5",
    "requester": "/home/workspace/reactjs/coding-practices/appStore",
    "status": "fetched"
  },
  "220 debug pnpm:progress": {
    "packageId": "registry.npmjs.org/redent/3.0.0",
    "requester": "/home/workspace/reactjs/coding-practices/appStore",
    "status": "fetched"
  },
  "221 debug pnpm:progress": {
    "packageId": "registry.npmjs.org/css/3.0.0",
    "requester": "/home/workspace/reactjs/coding-practices/appStore",
    "status": "fetched"
  },
  "222 debug pnpm:progress": {
    "packageId": "registry.npmjs.org/@babel/core/7.12.3",
    "requester": "/home/workspace/reactjs/coding-practices/appStore",
    "status": "fetched"
  },
  "223 debug pnpm:fetching-progress": {
    "attempt": 1,
    "packageId": "registry.npmjs.org/@babel/runtime/7.20.13",
    "size": 47794,
    "status": "started"
  },
  "224 debug pnpm:progress": {
    "packageId": "registry.npmjs.org/@babel/runtime/7.20.13",
    "requester": "/home/workspace/reactjs/coding-practices/appStore",
    "status": "fetched"
  },
  "225 debug pnpm:_dependency_resolved": {
    "resolution": "registry.npmjs.org/babel-plugin-named-asset-import/0.3.8",
    "wanted": {
      "dependentId": "/react-scripts/4.0.3",
      "name": "babel-plugin-named-asset-import",
      "rawSpec": "^0.3.7"
    }
  },
  "226 debug pnpm:progress": {
    "packageId": "registry.npmjs.org/babel-plugin-named-asset-import/0.3.8",
    "requester": "/home/workspace/reactjs/coding-practices/appStore",
    "status": "resolved"
  },
  "227 debug pnpm:_dependency_resolved": {
    "resolution": "registry.npmjs.org/dotenv-expand/5.1.0",
    "wanted": {
      "dependentId": "/react-scripts/4.0.3",
      "name": "dotenv-expand",
      "rawSpec": "5.1.0"
    }
  },
  "228 debug pnpm:progress": {
    "packageId": "registry.npmjs.org/dotenv-expand/5.1.0",
    "requester": "/home/workspace/reactjs/coding-practices/appStore",
    "status": "resolved"
  },
  "229 debug pnpm:_dependency_resolved": {
    "resolution": "registry.npmjs.org/bfj/7.0.2",
    "wanted": {
      "dependentId": "/react-scripts/4.0.3",
      "name": "bfj",
      "rawSpec": "^7.0.2"
    }
  },
  "230 debug pnpm:progress": {
    "packageId": "registry.npmjs.org/bfj/7.0.2",
    "requester": "/home/workspace/reactjs/coding-practices/appStore",
    "status": "resolved"
  },
  "231 debug pnpm:fetching-progress": {
    "attempt": 1,
    "packageId": "registry.npmjs.org/babel-loader/8.1.0",
    "size": 12927,
    "status": "started"
  },
  "232 debug pnpm:progress": {
    "packageId": "registry.npmjs.org/babel-loader/8.1.0",
    "requester": "/home/workspace/reactjs/coding-practices/appStore",
    "status": "fetched"
  },
  "233 debug pnpm:_dependency_resolved": {
    "resolution": "registry.npmjs.org/camelcase/6.3.0",
    "wanted": {
      "dependentId": "/react-scripts/4.0.3",
      "name": "camelcase",
      "rawSpec": "^6.1.0"
    }
  },
  "234 debug pnpm:progress": {
    "packageId": "registry.npmjs.org/camelcase/6.3.0",
    "requester": "/home/workspace/reactjs/coding-practices/appStore",
    "status": "resolved"
  },
  "235 debug pnpm:fetching-progress": {
    "attempt": 1,
    "packageId": "registry.npmjs.org/babel-eslint/10.1.0",
    "size": 9425,
    "status": "started"
  },
  "236 debug pnpm:fetching-progress": {
    "attempt": 1,
    "packageId": "registry.npmjs.org/dotenv/8.2.0",
    "size": 8866,
    "status": "started"
  },
  "237 debug pnpm:progress": {
    "packageId": "registry.npmjs.org/babel-eslint/10.1.0",
    "requester": "/home/workspace/reactjs/coding-practices/appStore",
    "status": "fetched"
  },
  "238 debug pnpm:progress": {
    "packageId": "registry.npmjs.org/dotenv/8.2.0",
    "requester": "/home/workspace/reactjs/coding-practices/appStore",
    "status": "fetched"
  },
  "239 debug pnpm:fetching-progress": {
    "attempt": 1,
    "packageId": "registry.npmjs.org/lodash/4.17.21",
    "size": 318961,
    "status": "started"
  },
  "240 debug pnpm:fetching-progress": {
    "attempt": 1,
    "packageId": "registry.npmjs.org/case-sensitive-paths-webpack-plugin/2.3.0",
    "size": 6076,
    "status": "started"
  },
  "241 debug pnpm:progress": {
    "packageId": "registry.npmjs.org/case-sensitive-paths-webpack-plugin/2.3.0",
    "requester": "/home/workspace/reactjs/coding-practices/appStore",
    "status": "fetched"
  },
  "242 debug pnpm:progress": {
    "packageId": "registry.npmjs.org/object.assign/4.1.4",
    "requester": "/home/workspace/reactjs/coding-practices/appStore",
    "status": "fetched"
  },
  "243 debug pnpm:fetching-progress": {
    "attempt": 1,
    "packageId": "registry.npmjs.org/css-loader/4.3.0",
    "size": 27887,
    "status": "started"
  },
  "244 debug pnpm:_dependency_resolved": {
    "resolution": "registry.npmjs.org/babel-jest/26.6.3",
    "wanted": {
      "dependentId": "/react-scripts/4.0.3",
      "name": "babel-jest",
      "rawSpec": "^26.6.0"
    }
  },
  "245 debug pnpm:progress": {
    "packageId": "registry.npmjs.org/babel-jest/26.6.3",
    "requester": "/home/workspace/reactjs/coding-practices/appStore",
    "status": "resolved"
  },
  "246 debug pnpm:fetching-progress": {
    "attempt": 1,
    "packageId": "registry.npmjs.org/babel-plugin-named-asset-import/0.3.8",
    "size": 1817,
    "status": "started"
  },
  "247 debug pnpm:progress": {
    "packageId": "registry.npmjs.org/css-loader/4.3.0",
    "requester": "/home/workspace/reactjs/coding-practices/appStore",
    "status": "fetched"
  },
  "248 debug pnpm:progress": {
    "packageId": "registry.npmjs.org/babel-plugin-named-asset-import/0.3.8",
    "requester": "/home/workspace/reactjs/coding-practices/appStore",
    "status": "fetched"
  },
  "249 debug pnpm:fetching-progress": {
    "attempt": 1,
    "packageId": "registry.npmjs.org/camelcase/6.3.0",
    "size": 3843,
    "status": "started"
  },
  "250 debug pnpm:progress": {
    "packageId": "registry.npmjs.org/camelcase/6.3.0",
    "requester": "/home/workspace/reactjs/coding-practices/appStore",
    "status": "fetched"
  },
  "251 debug pnpm:fetching-progress": {
    "attempt": 1,
    "packageId": "registry.npmjs.org/dotenv-expand/5.1.0",
    "size": 12587,
    "status": "started"
  },
  "252 debug pnpm:progress": {
    "packageId": "registry.npmjs.org/dotenv-expand/5.1.0",
    "requester": "/home/workspace/reactjs/coding-practices/appStore",
    "status": "fetched"
  },
  "253 debug pnpm:fetching-progress": {
    "attempt": 1,
    "packageId": "registry.npmjs.org/bfj/7.0.2",
    "size": 47833,
    "status": "started"
  },
  "254 debug pnpm:progress": {
    "packageId": "registry.npmjs.org/bfj/7.0.2",
    "requester": "/home/workspace/reactjs/coding-practices/appStore",
    "status": "fetched"
  },
  "255 debug pnpm:_dependency_resolved": {
    "resolution": "registry.npmjs.org/eslint-config-react-app/6.0.0",
    "wanted": {
      "dependentId": "/react-scripts/4.0.3",
      "name": "eslint-config-react-app",
      "rawSpec": "^6.0.0"
    }
  },
  "256 debug pnpm:progress": {
    "packageId": "registry.npmjs.org/eslint-config-react-app/6.0.0",
    "requester": "/home/workspace/reactjs/coding-practices/appStore",
    "status": "resolved"
  },
  "257 debug pnpm:_dependency_resolved": {
    "resolution": "registry.npmjs.org/file-loader/6.1.1",
    "wanted": {
      "dependentId": "/react-scripts/4.0.3",
      "name": "file-loader",
      "rawSpec": "6.1.1"
    }
  },
  "258 debug pnpm:progress": {
    "packageId": "registry.npmjs.org/file-loader/6.1.1",
    "requester": "/home/workspace/reactjs/coding-practices/appStore",
    "status": "resolved"
  },
  "259 debug pnpm:_dependency_resolved": {
    "resolution": "registry.npmjs.org/eslint-plugin-jsx-a11y/6.7.1",
    "wanted": {
      "dependentId": "/react-scripts/4.0.3",
      "name": "eslint-plugin-jsx-a11y",
      "rawSpec": "^6.3.1"
    }
  },
  "260 debug pnpm:progress": {
    "packageId": "registry.npmjs.org/eslint-plugin-jsx-a11y/6.7.1",
    "requester": "/home/workspace/reactjs/coding-practices/appStore",
    "status": "resolved"
  },
  "261 debug pnpm:_dependency_resolved": {
    "resolution": "registry.npmjs.org/babel-preset-react-app/10.0.1",
    "wanted": {
      "dependentId": "/react-scripts/4.0.3",
      "name": "babel-preset-react-app",
      "rawSpec": "^10.0.0"
    }
  },
  "262 debug pnpm:progress": {
    "packageId": "registry.npmjs.org/babel-preset-react-app/10.0.1",
    "requester": "/home/workspace/reactjs/coding-practices/appStore",
    "status": "resolved"
  },
  "263 debug pnpm:progress": {
    "packageId": "registry.npmjs.org/@testing-library/react/11.2.5",
    "requester": "/home/workspace/reactjs/coding-practices/appStore",
    "status": "fetched"
  }
}